  正在清理远程项目目录
  正在验证源
  正在将源远程复制到“118.25.13.206”
  正在验证体系结构
  正在验证体系结构
  正在启动远程生成
  正在编译源:
  main.c
C:\Users\LIUMINXUAN\source\repos\Linux1\main.c(44,2): warning : this ‘while’ clause does not guard... [-Wmisleading-indentation]
C:\Users\LIUMINXUAN\source\repos\Linux1\main.c(44,2): warning :   while (flag[1] != 'n')
C:\Users\LIUMINXUAN\source\repos\Linux1\main.c(44,2): warning :   ^~~~~
C:\Users\LIUMINXUAN\source\repos\Linux1\main.c(46,3): message : ...this statement, but the latter is misleadingly indented as if it were guarded by the ‘while’
C:\Users\LIUMINXUAN\source\repos\Linux1\main.c(46,3): message :    scanf("%s", add->_name);
C:\Users\LIUMINXUAN\source\repos\Linux1\main.c(46,3): message :    ^~~~~
C:\Users\LIUMINXUAN\source\repos\Linux1\main.c(51,15): warning : conversion to ‘int’ from ‘ssize_t {aka long int}’ may alter its value [-Wconversion]
C:\Users\LIUMINXUAN\source\repos\Linux1\main.c(51,15): warning :    wr_length = write(fd, add->_name, sizeof(add));
C:\Users\LIUMINXUAN\source\repos\Linux1\main.c(51,15): warning :                ^~~~~
C:\Users\LIUMINXUAN\source\repos\Linux1\main.c(52,15): warning : conversion to ‘int’ from ‘ssize_t {aka long int}’ may alter its value [-Wconversion]
C:\Users\LIUMINXUAN\source\repos\Linux1\main.c(52,15): warning :    wr_length = write(fd, add->_schoolnumber, sizeof(add));
C:\Users\LIUMINXUAN\source\repos\Linux1\main.c(52,15): warning :                ^~~~~
C:\Users\LIUMINXUAN\source\repos\Linux1\main.c(30,6): warning : variable ‘wr_length’ set but not used [-Wunused-but-set-variable]
C:\Users\LIUMINXUAN\source\repos\Linux1\main.c(30,6): warning :   int wr_length = 0;
C:\Users\LIUMINXUAN\source\repos\Linux1\main.c(30,6): warning :       ^~~~~~~~~
C:\Users\LIUMINXUAN\source\repos\Linux1\main.c(56,2): error : expected identifier or ‘(’ before ‘if’
C:\Users\LIUMINXUAN\source\repos\Linux1\main.c(56,2): error :   if (wr_length)
C:\Users\LIUMINXUAN\source\repos\Linux1\main.c(56,2): error :   ^~
C:\Users\LIUMINXUAN\source\repos\Linux1\main.c(62,2): error : expected identifier or ‘(’ before ‘else’
C:\Users\LIUMINXUAN\source\repos\Linux1\main.c(62,2): error :   else
C:\Users\LIUMINXUAN\source\repos\Linux1\main.c(62,2): error :   ^~~~
C:\Users\LIUMINXUAN\source\repos\Linux1\main.c(70,2): error : expected identifier or ‘(’ before ‘return’
C:\Users\LIUMINXUAN\source\repos\Linux1\main.c(70,2): error :   return 0;
C:\Users\LIUMINXUAN\source\repos\Linux1\main.c(70,2): error :   ^~~~~~
C:\Users\LIUMINXUAN\source\repos\Linux1\main.c(71,1): error : expected identifier or ‘(’ before ‘}’ token
C:\Users\LIUMINXUAN\source\repos\Linux1\main.c(71,1): error :  }
C:\Users\LIUMINXUAN\source\repos\Linux1\main.c(71,1): error :  ^
