  正在验证源
  正在将源远程复制到“118.25.152.225”
  正在验证体系结构
  正在验证体系结构
  正在启动远程生成
  正在编译源:
  main.c
C:\Users\LIUMINXUAN\source\repos\Linux3\main.c(51,14): warning : conversion to ‘int’ from ‘ssize_t {aka long int}’ may alter its value [-Wconversion]
C:\Users\LIUMINXUAN\source\repos\Linux3\main.c(51,14): warning :   wr_length = write(fd, add->_name, sizeof(add));
C:\Users\LIUMINXUAN\source\repos\Linux3\main.c(51,14): warning :               ^~~~~
C:\Users\LIUMINXUAN\source\repos\Linux3\main.c(52,14): warning : conversion to ‘int’ from ‘ssize_t {aka long int}’ may alter its value [-Wconversion]
C:\Users\LIUMINXUAN\source\repos\Linux3\main.c(52,14): warning :   wr_length = write(fd, add->_schoolnumber, sizeof(add));
C:\Users\LIUMINXUAN\source\repos\Linux3\main.c(52,14): warning :               ^~~~~
C:\Users\LIUMINXUAN\source\repos\Linux3\main.c(30,6): warning : variable ‘wr_length’ set but not used [-Wunused-but-set-variable]
C:\Users\LIUMINXUAN\source\repos\Linux3\main.c(30,6): warning :   int wr_length = 0;
C:\Users\LIUMINXUAN\source\repos\Linux3\main.c(30,6): warning :       ^~~~~~~~~
C:\Users\LIUMINXUAN\source\repos\Linux3\main.c(57,8): error : expected declaration specifiers or ‘...’ before string constant
C:\Users\LIUMINXUAN\source\repos\Linux3\main.c(57,8): error :  printf("write to file schoolnumber.txt success!\n");
C:\Users\LIUMINXUAN\source\repos\Linux3\main.c(57,8): error :         ^~~~~~~~~~~~~~~~~~~~~~~~~~~~~~~~~~~~~~~~~~~
C:\Users\LIUMINXUAN\source\repos\Linux3\main.c(58,8): error : expected declaration specifiers or ‘...’ before string constant
C:\Users\LIUMINXUAN\source\repos\Linux3\main.c(58,8): error :  printf("wr_length=[%d]\n", wr_length);
C:\Users\LIUMINXUAN\source\repos\Linux3\main.c(58,8): error :         ^~~~~~~~~~~~~~~~~~
C:\Users\LIUMINXUAN\source\repos\Linux3\main.c(58,28): error : unknown type name ‘wr_length’
C:\Users\LIUMINXUAN\source\repos\Linux3\main.c(58,28): error :  printf("wr_length=[%d]\n", wr_length);
C:\Users\LIUMINXUAN\source\repos\Linux3\main.c(58,28): error :                             ^~~~~~~~~
C:\Users\LIUMINXUAN\source\repos\Linux3\main.c(59,1): warning : data definition has no type or storage class
C:\Users\LIUMINXUAN\source\repos\Linux3\main.c(59,1): warning :  close(fd);
C:\Users\LIUMINXUAN\source\repos\Linux3\main.c(59,1): warning :  ^~~~~
C:\Users\LIUMINXUAN\source\repos\Linux3\main.c(59,1): warning : type defaults to ‘int’ in declaration of ‘close’ [-Wimplicit-int]
C:\Users\LIUMINXUAN\source\repos\Linux3\main.c(59,1): warning : parameter names (without types) in function declaration
C:\Users\LIUMINXUAN\source\repos\Linux3\main.c(74,1): error : expected identifier or ‘(’ before ‘return’
C:\Users\LIUMINXUAN\source\repos\Linux3\main.c(74,1): error :  return 0;
C:\Users\LIUMINXUAN\source\repos\Linux3\main.c(74,1): error :  ^~~~~~
C:\Users\LIUMINXUAN\source\repos\Linux3\main.c(75,1): error : expected identifier or ‘(’ before ‘}’ token
C:\Users\LIUMINXUAN\source\repos\Linux3\main.c(75,1): error :  }
C:\Users\LIUMINXUAN\source\repos\Linux3\main.c(75,1): error :  ^
