  Validating sources
  Copying sources remotely to '118.25.13.206'
  Validating architecture
  Starting remote build
  Compiling sources:
  client.c
  server.c
H:\Linux\server_tcp_2\server_tcp_2\server.c(64,2): warning : implicit declaration of function ‘bzero’ [-Wimplicit-function-declaration]
H:\Linux\server_tcp_2\server_tcp_2\server.c(64,2): warning :   bzero(buffer, MAX_MESSAGE_SIZE);
H:\Linux\server_tcp_2\server_tcp_2\server.c(64,2): warning :   ^~~~~
H:\Linux\server_tcp_2\server_tcp_2\server.c(74,14): error : incompatible types when assigning to type ‘struct Message’ from type ‘struct Message *’
H:\Linux\server_tcp_2\server_tcp_2\server.c(74,14): error :    RecvMessage= (struct Message*)RecvBuffer;
H:\Linux\server_tcp_2\server_tcp_2\server.c(74,14): error :               ^
H:\Linux\server_tcp_2\server_tcp_2\server.c(76,7): error : ‘recvMsgHdr’ undeclared (first use in this function); did you mean ‘recvmsg’?
H:\Linux\server_tcp_2\server_tcp_2\server.c(76,7): error :    if (recvMsgHdr->tip == 1)
H:\Linux\server_tcp_2\server_tcp_2\server.c(76,7): error :        ^~~~~~~~~~
H:\Linux\server_tcp_2\server_tcp_2\server.c(76,7): error :        recvmsg
H:\Linux\server_tcp_2\server_tcp_2\server.c(76,7): message : each undeclared identifier is reported only once for each function it appears in
H:\Linux\server_tcp_2\server_tcp_2\server.c(78,4): error : ‘onLineNum’ undeclared (first use in this function); did you mean ‘OnlineNum’?
H:\Linux\server_tcp_2\server_tcp_2\server.c(78,4): error :     onLineNum--;
H:\Linux\server_tcp_2\server_tcp_2\server.c(78,4): error :     ^~~~~~~~~
H:\Linux\server_tcp_2\server_tcp_2\server.c(78,4): error :     OnlineNum
H:\Linux\server_tcp_2\server_tcp_2\server.c(81,4): warning : implicit declaration of function ‘rmFd’; did you mean ‘read’? [-Wimplicit-function-declaration]
H:\Linux\server_tcp_2\server_tcp_2\server.c(81,4): warning :     rmFd(dealfd);
H:\Linux\server_tcp_2\server_tcp_2\server.c(81,4): warning :     ^~~~
H:\Linux\server_tcp_2\server_tcp_2\server.c(81,4): warning :     read
H:\Linux\server_tcp_2\server_tcp_2\server.c(83,4): warning : implicit declaration of function ‘sendToClient’; did you mean ‘SendToClient’? [-Wimplicit-function-declaration]
H:\Linux\server_tcp_2\server_tcp_2\server.c(83,4): warning :     sendToClient(recvbuf, dealfd);
H:\Linux\server_tcp_2\server_tcp_2\server.c(83,4): warning :     ^~~~~~~~~~~~
H:\Linux\server_tcp_2\server_tcp_2\server.c(83,4): warning :     SendToClient
H:\Linux\server_tcp_2\server_tcp_2\server.c(83,17): error : ‘recvbuf’ undeclared (first use in this function); did you mean ‘setvbuf’?
H:\Linux\server_tcp_2\server_tcp_2\server.c(83,17): error :     sendToClient(recvbuf, dealfd);
H:\Linux\server_tcp_2\server_tcp_2\server.c(83,17): error :                  ^~~~~~~
H:\Linux\server_tcp_2\server_tcp_2\server.c(83,17): error :                  setvbuf
